---
title: /ูุคูุฏ
description: ุชุดุบูู ุงุฎุชุจุงุฑุงุช ุงููุดุฑูุน ูุชุญุฏูุซ ุญุงูุฉ ุงุฎุชุจุงุฑ ุงููุตุฉ
---

# /ูุคูุฏ

ูู ุจุชูููุฐ ุงุฎุชุจุงุฑุงุช ูุดุฑูุนู ููู ุจุชุญุฏูุซ ุญุงูุฉ ุงุฎุชุจุงุฑ ุงููุตุฉ ุชููุงุฆููุง ูู ูุธุงู ุงูุชุชุจุน ุงูุฎุงุต ุจู. ูุนุฏ ุงูุชุญูู ุฃุญุฏ ุงูููููุงุช ุงูุฃุณุงุณูุฉ ูุฃุฏุงุฉ ุฌูุณุฉ AgileFlow ุงูุชู ุชุถูู ุงูุชุญูู ูู ุตุญุฉ ุงูุงุฎุชุจุงุฑ ุฎูุงู ุณูุฑ ุนูู ุงูุชุทููุฑ ุงูุฎุงุต ุจู.

## ุจุฏุงูุฉ ุณุฑูุนุฉ

```bash
# Run all tests and update all in-progress stories
/agileflow:verify

# Run tests and update specific story
/agileflow:verify US-0042
```

ุงูุฃูุฑ ุณูู:
1. ุชุญููู ุชูููู ุงูุงุฎุชุจุงุฑ ูู ูุดุฑูุนู
2. ุชูููุฐ ูุฌููุนุฉ ุงูุงุฎุชุจุงุฑ
3. ุชุญููู ูุชุงุฆุฌ ุงูุงุฎุชุจุงุฑ
4. ุชุญุฏูุซ ุญุงูุฉ ุงุฎุชุจุงุฑ ุงููุตุฉ (ูุงุฌุญ/ุฑุงุณุจ)
5. ุนุฑุถ ุชูุฑูุฑ ูุงุถุญ ุจูุคุดุฑุงุช ูุฑุฆูุฉ

## ุงูููุฒุงุช ุงูุฑุฆูุณูุฉ

### ุชุญููู ุงูุงุฎุชุจุงุฑ ุงูุชููุงุฆู

ูููู ุงูุชุญูู ุชููุงุฆููุง ุจุงูุชุดุงู ูุชุงุฆุฌ ุงูุงุฎุชุจุงุฑ ูุชุญููููุง ูู:

| Framework | Example Output |
|-----------|-----------------|
| Jest/Vitest (Node.js) | `Tests: 42 passed, 42 total` |
| Pytest (Python) | `42 passed in 2.5s` |
| Cargo (Rust) | `test result: ok. 42 passed` |
| Go Test | `ok github.com/user/project` |

ุฅุฐุง ูุดู ุงูุชุญูููุ ูุฅูู ูุนูุฏ ููุฎุฑูุฌ ูู ุงูุชุนูููุงุช ุงูุจุฑูุฌูุฉ (0 = ุชูุฑูุฑุ ุบูุฑ ุตูุฑ = ูุดู).

### ุชุญุฏูุซุงุช ุญุงูุฉ ุงููุตุฉ

ูุชู ุชุณุฌูู ูุชุงุฆุฌ ุงูุงุฎุชุจุงุฑ ุชููุงุฆููุง ูู ูุตุตู:

```json
{
  "story_id": "US-0042",
  "test_status": "passing",
  "test_results": {
    "last_run": "2025-12-06T10:30:00Z",
    "command": "npm test",
    "passed": 42,
    "failed": 0,
    "exit_code": 0,
    "output_summary": "All tests passed (42/42)"
  }
}
```

### ุชุชุจุน ูุชุนุฏุฏ ุงููุตุฉ

ุจุฏูู ูุนุฑู ูุตุฉ ูุญุฏุฏุ ุชุญูู ูู ุงูุชุญุฏูุซุงุช ูููุง `in_progress` ุงููุตุต:

```bash
/agileflow:verify
# Updates test_status for:
# - US-0042: passing
# - US-0043: passing
# - US-0044: failing
```

## ุงูุงุณุชุฎุฏุงู

### ุชุดุบูู ูุงูุฉ ุงูุงุฎุชุจุงุฑุงุช

```bash
/agileflow:verify
```

ูููุฐ ูุฌููุนุฉ ุงูุงุฎุชุจุงุฑ ุงูุฎุงุตุฉ ุจู ููุญุฏุซ ุฌููุน ุงููุตุต ููุฏ ุงูุชูุฏู ุจุงููุชุงุฆุฌ.

### ุฅุฌุฑุงุก ุงุฎุชุจุงุฑุงุช ููุตุฉ ูุญุฏุฏุฉ

```bash
/agileflow:verify US-0042
```

ูููู ุจุชุดุบูู ุงูุงุฎุชุจุงุฑุงุช ูุชุญุฏูุซ ุญุงูุฉ ุงุฎุชุจุงุฑ US-0042 ููุท. ูููุฏ ุนูุฏูุง ุชุนูู ุนูู ูุตุฉ ูุงุญุฏุฉ ููุท.

### ุญุฏูุฏ

| Parameter | Required | Default | Description |
|-----------|----------|---------|-------------|
| `STORY` | No | All in-progress | Story ID to update (e.g., US-0042) |

## ุฃูุซูุฉ

### ุณูุฑ ุนูู ุงูุชุทููุฑ ุงููููุฐุฌู

```bash
# Make code changes...

# Verify tests still pass
/agileflow:verify

# Output:
# โ PASSED | npm test | 42 passed, 0 failed | 12.3s
# Updated stories:
# - US-0042: passing
# - US-0043: passing
```

### ูุดู ุงูุงุฎุชุจุงุฑุงุช - ูู ุจุฅุตูุงุญูุง

```bash
/agileflow:verify

# Output:
# โ FAILED | npm test | 40 passed, 2 failed | 8.7s
#
# Failed tests:
#   โ auth.test.ts:42 - Expected redirect
#   โ api.test.ts:67 - Session token not persisting
#
# Updated stories:
# - US-0042: failing
# - US-0043: failing
```

### ูุจู ุฅูุดุงุก ุฎุท ุงูุฃุณุงุณ

```bash
# Ensure all tests pass before marking a milestone
/agileflow:verify

# If passing:
/agileflow:baseline "Sprint 3 complete"

# If failing:
# (Fix tests first, then baseline)
```

## ุชูุณูู ุงูุฅุฎุฑุงุฌ

### ุชูุฑูุฑ ุงููุฌุงุญ

```text
๐งช Test Verification Complete

Command: npm test
Duration: 12.3s
Result: โ PASSED

Tests: 42 passed, 0 failed, 42 total

Updated stories:
- US-0042: passing
- US-0043: passing

All in-progress stories have passing tests โ
```

### ุชูุฑูุฑ ุงููุดู

```text
๐งช Test Verification Complete

Command: npm test
Duration: 8.7s
Result: โ FAILED

Tests: 40 passed, 2 failed, 42 total

Failed tests:
  โ auth.test.ts:42
     Expected redirect to /dashboard
     Got redirect to /login

  โ api.test.ts:67
     Session token not persisting
     Cookie not set after login

Updated stories:
- US-0042: failing
- US-0043: failing

โ๏ธ  WARNING: 2 stories now have failing tests
```

### ููุฐ ุงูููุช

```text
๐งช Test Verification Failed

Command: npm test
Result: โฑ๏ธ  TIMEOUT (60s)

The test suite did not complete within 60 seconds.

Updated stories:
- US-0042: failing (timeout)

Consider:
1. Increase test_timeout_ms in environment.json
2. Optimize slow tests
3. Run specific test suites instead of all tests
```

## ุฅุนุฏุงุฏุงุช

ุงูุชุญูู ูู ุงุณุชุฎุฏุงูุงุช ุงูุฅุนุฏุงุฏุงุช ูู `docs/00-meta/environment.json`:

```json
{
  "test_command": "npm test",
  "test_timeout_ms": 60000,
  "project_type": "nodejs"
}
```

ูุชุฎุตูุต ุณููู ุงูุงุฎุชุจุงุฑ:

1. ูุญุฑุฑ `docs/00-meta/environment.json`
2. ูุชุบูุฑ `test_command` ูุฃูุฑู
3. ูุชุบูุฑ `test_timeout_ms` ุฅูู ุงููููุฉ ุงููุทููุจุฉ
4. ูู ุจุชุดุบูู ุงูุชุญูู ูุฑุฉ ุฃุฎุฑู

## ุงููุชุทูุจุงุช ุงูุฃุณุงุณูุฉ

ุงูุชุญูู ูุชุทูุจ:

- **Session harness initialized** - ูุฌุฑู `/agileflow:session:init` ุฃููุงู
- **docs/00-meta/environment.json** - ููู ุงูุชูููู ุงูุงุฎุชุจุงุฑู
- **docs/09-agents/status.json** - ุชุชุจุน ุงููุตุฉ
- **Working tests** - ูุฌุจ ุฃู ูุญุชูู ูุดุฑูุนู ุนูู ูุฌููุนุฉ ุงุฎุชุจุงุฑูุฉ

### ุชููุฆุฉ ุชุณุฎูุฑ ุงูุฌูุณุฉ

ุฅุฐุง ุชูููุช ุฑุณุงูุฉ ุงูุฎุทุฃ "ูู ุชุชู ุชููุฆุฉ ุฃุฏุงุฉ ุงูุฌูุณุฉ":

```bash
/agileflow:session:init
```

ูุฐุง ุณูู:
- ูุดู ููุน ุงููุดุฑูุน ุงูุฎุงุต ุจู
- ูู ุจุฅูุดุงุก ุจูุฆุฉ.json ูุน ุชูููู ุงูุงุฎุชุจุงุฑ
- ูู ุจุฅุนุฏุงุฏ ุงุฎุชุจุงุฑ ุงูุชุญูู ูุฌููุน ุงููุตุต

## ุงูุชูุงูู ูุน ุงูุฃูุงูุฑ ุงูุฃุฎุฑู

ูุชู ุงุณุชุฎุฏุงู ุงูุชุญูู ุชููุงุฆููุง ุจูุงุณุทุฉ:

| Command | When |
|---------|------|
| `/babysit` | After implementing code changes |
| `/baseline` | Before creating verified checkpoints |
| `/session:resume` | At start of work session |
| `/pr` | Can include test status in PR description |

ููููู ุฃูุถูุง ุชุดุบูู ุงูุชุญูู ูุฏูููุง ูู ุฃู ููุช ููุชุญูู ูู ุงูุญุงูุฉ.

## ุงูุณููุงุฑูููุงุช ุงููุดุชุฑูุฉ

### "ูู ูุฌุญุช ุงุฎุชุจุงุฑุงุชูุ"

```bash
/agileflow:verify
# Shows immediate pass/fail status with counts
```

### "ุฅุตูุงุญ ุงูุงุฎุชุจุงุฑุงุช ุงููุงุดูุฉ"

```bash
# See which tests failed
/agileflow:verify

# Fix the failing tests in your code editor
# Then verify again
/agileflow:verify
# Should show โ PASSED now
```

### "ูุตุฉ ูุงุญุฏุฉ ุชูุดูุ ูุฃุฎุฑู ุชูุฑ"

```bash
# Check which story has failing tests
/agileflow:verify

# Review that story's test_status in output
# Focus on fixing just that story's tests

# Run verify with specific story to confirm fix
/agileflow:verify US-0042
```

### "ุงูุงุฎุชุจุงุฑุงุช ุจุทูุฆุฉ - ูุชุณุชุบุฑู ููุชูุง ุทูููุงู"

```bash
# Timeout occurred
/agileflow:verify

# Options:
# 1. Increase timeout in environment.json
# 2. Run subset of tests: npm test -- --testPathPattern=auth
# 3. Optimize slow tests

# Increase timeout and try again
```

## ุงุณุชูุดุงู ุงูุฃุฎุทุงุก ูุฅุตูุงุญูุง

### "ูู ูุชู ุชููุฆุฉ ุชุณุฎูุฑ ุงูุฌูุณุฉ"

**Error:**
```text
โ๏ธ  Session harness not initialized
Run /agileflow:session:init to set up test verification
```

**Fix:**
```bash
/agileflow:session:init
```

### "ูู ูุชู ุงูุนุซูุฑ ุนูู ุงูุงุฎุชุจุงุฑุงุช"

**Error:**
```text
โ Test Command Failed
Command: npm test
Error: npm: command not found
```

**Fix:**
- ุชุซุจูุช ุงูุชุจุนูุงุช: `npm install`
- ุชุญูู ูู ุฃู ุฃูุฑ ุงูุงุฎุชุจุงุฑ ูู Environment.json ูุทุงุจู ุงูุฅุนุฏุงุฏ ุงูุฎุงุต ุจู
- ุชุญูู ูู ุฃู PATH ูุชุถูู ุงูุฃุฏูุงุช ุงููุทููุจุฉ

### "ูู ูุชู ุงูุนุซูุฑ ุนูู ุงููุตุฉ"

**Error:**
```text
โ๏ธ  Story US-0099 not found in status.json
Available in_progress stories:
- US-0042
- US-0043
```

**Fix:**
- ุชุฃูุฏ ูู ุตุญุฉ ูุนุฑู ุงููุตุฉ (ุชุญูู ูู Status.json)
- ูู ุจุงูุชุดุบูู ุจุฏูู ูุนุฑู ุงููุตุฉ ููุชุญูู ูู ุฌููุน ุงููุตุต ููุฏ ุงูุชูุฏู

### "ุญุงูุฉ json ุบูุฑ ุตุงูุญุฉ"

**Error:**
```text
โ Cannot Update Status
File docs/09-agents/status.json is invalid or missing.
```

**Fix:**
```bash
# Re-initialize AgileFlow setup
/agileflow:setup
```

## ูุตุงุฆุญ

### ูู ุจุฅุฌุฑุงุก ุงูุงุฎุชุจุงุฑุงุช ุจุดูู ูุชูุฑุฑ

```bash
# After every major change
/agileflow:verify

# Before committing
/agileflow:verify

# Before creating PR
/agileflow:verify

# Before baseline
/agileflow:verify
```

### ูุจุถ ุนูู ุงูุงูุญุฏุงุฑุงุช ูู ููุช ูุจูุฑ

ุชููู ููุฒุฉ ุงูุชุญูู ุชููุงุฆููุง ุจุชุชุจุน ุญุงูุฉ ุงูุงุฎุชุจุงุฑ ุญุณุจ ุงููุตุฉุ ุญุชู ุชุชููู ูู:
- ูุนุฑูุฉ ูุชู ุชููุทุน ุงูุงุฎุชุจุงุฑุงุช (ุชุบูุฑุงุช ุญุงูุฉ ุงูุงุฎุชุจุงุฑ)
- ุญุฏุฏ ุงููุตุฉ ุงูุชู ุฃุฏุช ุฅูู ุงููุดู
- ุฃุตูุญ ุงููุดุงูู ูุจู ุฃู ุชุชุฑุงูู

### ุงุณุชุฎุฏู ูุน ุฎุท ุงูุฃุณุงุณ

```bash
# Ensure all tests pass
/agileflow:verify

# If all passing:
/agileflow:baseline "Milestone complete"

# If any failing:
# (Fix first, then baseline)
```

## ุงูุฃูุงูุฑ ุฐุงุช ุงูุตูุฉ

- [`/ ุฌููุณุฉ ุงูุฃุทูุงู`](/commands/babysit) - ูุฑุดุฏ ุงูุชูููุฐ (ูุชู ุงูุชุญูู ุชููุงุฆููุง)
- [`/ุฎุท ุงูุฃุณุงุณ`](/commands/baseline) - ุฅูุดุงุก ููุงุท ุชูุชูุด ุชู ุงูุชุญูู ูููุง (ูุชุทูุจ ุงุฌุชูุงุฒ ุงูุงุฎุชุจุงุฑุงุช)
- [`/ ุงูุฌูุณุฉ: init`](/commands/session-init) - ุชููุฆุฉ ุชุณุฎูุฑ ุงูุฌูุณุฉ
- [`/ ุงูุฌูุณุฉ: ุงุณุชุฆูุงู`](/commands/session-resume) - ุงุณุชุฆูุงู ุงูุฌูุณุฉ (ูุนูู ุงูุชุญูู)
- [`/ุงูุนูุงูุงุช ุงูุนุงูุฉ`](/commands/pr) - ุฅูุดุงุก ุทูุจ ุณุญุจ (ูุธูุฑ ุญุงูุฉ ุงูุงุฎุชุจุงุฑ)
